[33mWARN[39m: LOG WARN
[31mERROR[39m: LOG ERROR
[31mERROR[39m: undefined
[31mERROR[39m: undefined
[33mWARN[39m: Bad auth
[33mWARN[39m: User already exist
[33mWARN[39m: Not found docs
[33mWARN[39m: GET /favicon.ico not found endpoint
[33mWARN[39m: GET /real not found endpoint
[33mWARN[39m: GET /favicon.ico not found endpoint
[33mWARN[39m: Not found docs
[33mWARN[39m: GET /favicon.ico not found endpoint
[33mWARN[39m: Not found docs
[33mWARN[39m: GET /favicon.ico not found endpoint
[33mWARN[39m: GET /auth not found endpoint
[33mWARN[39m: GET /favicon.ico not found endpoint
[33mWARN[39m: GET /api/auth not found endpoint
[33mWARN[39m: GET /favicon.ico not found endpoint
[33mWARN[39m: Not found docs
[33mWARN[39m: GET /favicon.ico not found endpoint
[33mWARN[39m: GET /login not found endpoint
[33mWARN[39m: GET /favicon.ico not found endpoint
[33mWARN[39m: GET /login not found endpoint
[33mWARN[39m: GET /favicon.ico not found endpoint
[31mERROR[39m: Operation `products.countDocuments()` buffering timed out after 10000ms
[33mWARN[39m: GET /favicon.ico not found endpoint
[31mERROR[39m: Operation `products.countDocuments()` buffering timed out after 10000ms
[33mWARN[39m: GET /favicon.ico not found endpoint
[31mERROR[39m: Operation `users.findOne()` buffering timed out after 10000ms
[31mERROR[39m: Operation `users.findOne()` buffering timed out after 10000ms
[31mERROR[39m: Operation `products.countDocuments()` buffering timed out after 10000ms
[33mWARN[39m: GET /favicon.ico not found endpoint
[33mWARN[39m: Not found docs
[33mWARN[39m: GET /favicon.ico not found endpoint
[31mERROR[39m: Operation `users.findOne()` buffering timed out after 10000ms
[31mERROR[39m: Operation `users.findOne()` buffering timed out after 10000ms
[31mERROR[39m: Operation `users.findOne()` buffering timed out after 10000ms
[33mWARN[39m: Bad auth
[31mERROR[39m: expiresIn is not defined
[33mWARN[39m: Bad auth
[33mWARN[39m: Bad auth
[33mWARN[39m: Bad auth
[33mWARN[39m: Bad auth
[33mWARN[39m: Bad auth
[33mWARN[39m: Bad auth
[33mWARN[39m: Bad auth
[33mWARN[39m: Not found docs
[33mWARN[39m: GET /favicon.ico not found endpoint
[33mWARN[39m: GET /verify not found endpoint
[33mWARN[39m: GET /favicon.ico not found endpoint
[31mERROR[39m: Cannot read properties of null (reading 'verifiedCode')
[33mWARN[39m: Unexpected token 'p', ..."iedCode": pK4BnCuSC3"... is not valid JSON
[33mWARN[39m: Not found docs
[33mWARN[39m: GET /favicon.ico not found endpoint
[33mWARN[39m: Not found docs
[33mWARN[39m: GET /favicon.ico not found endpoint
[33mWARN[39m: Not found docs
[33mWARN[39m: GET /favicon.ico not found endpoint
[33mWARN[39m: Not found docs
[33mWARN[39m: GET /favicon.ico not found endpoint
[33mWARN[39m: Not found docs
[33mWARN[39m: GET /favicon.ico not found endpoint
[33mWARN[39m: Not found docs
[33mWARN[39m: Not found docs
[33mWARN[39m: Not found docs
[33mWARN[39m: Not found docs
[33mWARN[39m: Not found docs
[33mWARN[39m: Not found docs
[33mWARN[39m: Not found docs
[33mWARN[39m: Not found docs
[33mWARN[39m: Not found docs
[33mWARN[39m: Not found docs
[33mWARN[39m: Not found docs
[33mWARN[39m: Not found docs
[33mWARN[39m: No auth token
[33mWARN[39m: Not found docs
[33mWARN[39m: Not found docs
[33mWARN[39m: Not found docs
[33mWARN[39m: GET /favicon.ico not found endpoint
[33mWARN[39m: Not found docs
[33mWARN[39m: GET /favicon.ico not found endpoint
[33mWARN[39m: Not found docs
[33mWARN[39m: GET /favicon.ico not found endpoint
[33mWARN[39m: GET /products not found endpoint
[33mWARN[39m: GET /favicon.ico not found endpoint
